1752153200330|0|statement|connection 27|url jdbc:h2:mem:testdb|     drop table if exists comment cascade |     drop table if exists comment cascade 
1752153200331|0|statement|connection 27|url jdbc:h2:mem:testdb|     drop table if exists file_attachment cascade |     drop table if exists file_attachment cascade 
1752153200332|0|statement|connection 27|url jdbc:h2:mem:testdb|     drop table if exists post cascade |     drop table if exists post cascade 
1752153200332|0|statement|connection 27|url jdbc:h2:mem:testdb|     drop table if exists post_like cascade |     drop table if exists post_like cascade 
1752153200332|0|statement|connection 27|url jdbc:h2:mem:testdb|     drop table if exists user_roles cascade |     drop table if exists user_roles cascade 
1752153200332|0|statement|connection 27|url jdbc:h2:mem:testdb|     drop table if exists users cascade |     drop table if exists users cascade 
1752155429156|0|statement|connection 27|url jdbc:h2:mem:testdb|     drop table if exists comment cascade |     drop table if exists comment cascade 
1752155429157|0|statement|connection 27|url jdbc:h2:mem:testdb|     drop table if exists file_attachment cascade |     drop table if exists file_attachment cascade 
1752155429157|0|statement|connection 27|url jdbc:h2:mem:testdb|     drop table if exists post cascade |     drop table if exists post cascade 
1752155429158|0|statement|connection 27|url jdbc:h2:mem:testdb|     drop table if exists post_like cascade |     drop table if exists post_like cascade 
1752155429158|0|statement|connection 27|url jdbc:h2:mem:testdb|     drop table if exists user_roles cascade |     drop table if exists user_roles cascade 
1752155429158|0|statement|connection 27|url jdbc:h2:mem:testdb|     drop table if exists users cascade |     drop table if exists users cascade 
1752155534524|0|statement|connection 27|url jdbc:h2:mem:testdb|     drop table if exists comment cascade |     drop table if exists comment cascade 
1752155534525|0|statement|connection 27|url jdbc:h2:mem:testdb|     drop table if exists file_attachment cascade |     drop table if exists file_attachment cascade 
1752155534525|0|statement|connection 27|url jdbc:h2:mem:testdb|     drop table if exists post cascade |     drop table if exists post cascade 
1752155534526|0|statement|connection 27|url jdbc:h2:mem:testdb|     drop table if exists post_like cascade |     drop table if exists post_like cascade 
1752155534526|0|statement|connection 27|url jdbc:h2:mem:testdb|     drop table if exists user_roles cascade |     drop table if exists user_roles cascade 
1752155534526|0|statement|connection 27|url jdbc:h2:mem:testdb|     drop table if exists users cascade |     drop table if exists users cascade 
1752155740280|0|statement|connection 27|url jdbc:h2:mem:testdb|     drop table if exists comment cascade |     drop table if exists comment cascade 
1752155740280|0|statement|connection 27|url jdbc:h2:mem:testdb|     drop table if exists file_attachment cascade |     drop table if exists file_attachment cascade 
1752155740280|0|statement|connection 27|url jdbc:h2:mem:testdb|     drop table if exists post cascade |     drop table if exists post cascade 
1752155740281|0|statement|connection 27|url jdbc:h2:mem:testdb|     drop table if exists post_like cascade |     drop table if exists post_like cascade 
1752155740281|0|statement|connection 27|url jdbc:h2:mem:testdb|     drop table if exists user_roles cascade |     drop table if exists user_roles cascade 
1752155740281|0|statement|connection 27|url jdbc:h2:mem:testdb|     drop table if exists users cascade |     drop table if exists users cascade 
1752155803476|0|statement|connection 27|url jdbc:h2:mem:testdb|     drop table if exists comment cascade |     drop table if exists comment cascade 
1752155803477|0|statement|connection 27|url jdbc:h2:mem:testdb|     drop table if exists file_attachment cascade |     drop table if exists file_attachment cascade 
1752155803478|1|statement|connection 27|url jdbc:h2:mem:testdb|     drop table if exists post cascade |     drop table if exists post cascade 
1752155803478|0|statement|connection 27|url jdbc:h2:mem:testdb|     drop table if exists post_like cascade |     drop table if exists post_like cascade 
1752155803478|0|statement|connection 27|url jdbc:h2:mem:testdb|     drop table if exists user_roles cascade |     drop table if exists user_roles cascade 
1752155803479|0|statement|connection 27|url jdbc:h2:mem:testdb|     drop table if exists users cascade |     drop table if exists users cascade 
1752156357899|0|statement|connection 27|url jdbc:h2:mem:testdb|     drop table if exists comment cascade |     drop table if exists comment cascade 
1752156357900|0|statement|connection 27|url jdbc:h2:mem:testdb|     drop table if exists file_attachment cascade |     drop table if exists file_attachment cascade 
1752156357900|0|statement|connection 27|url jdbc:h2:mem:testdb|     drop table if exists post cascade |     drop table if exists post cascade 
1752156357901|0|statement|connection 27|url jdbc:h2:mem:testdb|     drop table if exists post_like cascade |     drop table if exists post_like cascade 
1752156357901|0|statement|connection 27|url jdbc:h2:mem:testdb|     drop table if exists user_roles cascade |     drop table if exists user_roles cascade 
1752156357901|0|statement|connection 27|url jdbc:h2:mem:testdb|     drop table if exists users cascade |     drop table if exists users cascade 
1752156384756|0|statement|connection 27|url jdbc:h2:mem:testdb|     drop table if exists comment cascade |     drop table if exists comment cascade 
1752156384756|0|statement|connection 27|url jdbc:h2:mem:testdb|     drop table if exists file_attachment cascade |     drop table if exists file_attachment cascade 
1752156384757|0|statement|connection 27|url jdbc:h2:mem:testdb|     drop table if exists post cascade |     drop table if exists post cascade 
1752156384757|0|statement|connection 27|url jdbc:h2:mem:testdb|     drop table if exists post_like cascade |     drop table if exists post_like cascade 
1752156384758|0|statement|connection 27|url jdbc:h2:mem:testdb|     drop table if exists user_roles cascade |     drop table if exists user_roles cascade 
1752156384758|0|statement|connection 27|url jdbc:h2:mem:testdb|     drop table if exists users cascade |     drop table if exists users cascade 
1752156463928|0|statement|connection 27|url jdbc:h2:mem:testdb|     drop table if exists comment cascade |     drop table if exists comment cascade 
1752156463929|0|statement|connection 27|url jdbc:h2:mem:testdb|     drop table if exists file_attachment cascade |     drop table if exists file_attachment cascade 
1752156463929|0|statement|connection 27|url jdbc:h2:mem:testdb|     drop table if exists post cascade |     drop table if exists post cascade 
1752156463930|0|statement|connection 27|url jdbc:h2:mem:testdb|     drop table if exists post_like cascade |     drop table if exists post_like cascade 
1752156463930|0|statement|connection 27|url jdbc:h2:mem:testdb|     drop table if exists user_roles cascade |     drop table if exists user_roles cascade 
1752156463931|0|statement|connection 27|url jdbc:h2:mem:testdb|     drop table if exists users cascade |     drop table if exists users cascade 
1752156795332|0|statement|connection 27|url jdbc:h2:mem:testdb|     drop table if exists comment cascade |     drop table if exists comment cascade 
1752156795333|0|statement|connection 27|url jdbc:h2:mem:testdb|     drop table if exists file_attachment cascade |     drop table if exists file_attachment cascade 
1752156795333|0|statement|connection 27|url jdbc:h2:mem:testdb|     drop table if exists post cascade |     drop table if exists post cascade 
1752156795333|0|statement|connection 27|url jdbc:h2:mem:testdb|     drop table if exists post_like cascade |     drop table if exists post_like cascade 
1752156795334|0|statement|connection 27|url jdbc:h2:mem:testdb|     drop table if exists user_roles cascade |     drop table if exists user_roles cascade 
1752156795334|0|statement|connection 27|url jdbc:h2:mem:testdb|     drop table if exists users cascade |     drop table if exists users cascade 
1752156827698|0|statement|connection 27|url jdbc:h2:mem:testdb|     drop table if exists comment cascade |     drop table if exists comment cascade 
1752156827699|0|statement|connection 27|url jdbc:h2:mem:testdb|     drop table if exists file_attachment cascade |     drop table if exists file_attachment cascade 
1752156827699|0|statement|connection 27|url jdbc:h2:mem:testdb|     drop table if exists post cascade |     drop table if exists post cascade 
1752156827700|0|statement|connection 27|url jdbc:h2:mem:testdb|     drop table if exists post_like cascade |     drop table if exists post_like cascade 
1752156827700|0|statement|connection 27|url jdbc:h2:mem:testdb|     drop table if exists user_roles cascade |     drop table if exists user_roles cascade 
1752156827700|0|statement|connection 27|url jdbc:h2:mem:testdb|     drop table if exists users cascade |     drop table if exists users cascade 
1752157110663|0|statement|connection 29|url jdbc:h2:mem:testdb|     drop table if exists comment cascade |     drop table if exists comment cascade 
1752157110664|0|statement|connection 29|url jdbc:h2:mem:testdb|     drop table if exists file_attachment cascade |     drop table if exists file_attachment cascade 
1752157110664|0|statement|connection 29|url jdbc:h2:mem:testdb|     drop table if exists post cascade |     drop table if exists post cascade 
1752157110664|0|statement|connection 29|url jdbc:h2:mem:testdb|     drop table if exists post_like cascade |     drop table if exists post_like cascade 
1752157110665|0|statement|connection 29|url jdbc:h2:mem:testdb|     drop table if exists user_roles cascade |     drop table if exists user_roles cascade 
1752157110665|0|statement|connection 29|url jdbc:h2:mem:testdb|     drop table if exists users cascade |     drop table if exists users cascade 
1752157128454|0|statement|connection 29|url jdbc:h2:mem:testdb|     drop table if exists comment cascade |     drop table if exists comment cascade 
1752157128454|0|statement|connection 29|url jdbc:h2:mem:testdb|     drop table if exists file_attachment cascade |     drop table if exists file_attachment cascade 
1752157128455|0|statement|connection 29|url jdbc:h2:mem:testdb|     drop table if exists post cascade |     drop table if exists post cascade 
1752157128455|0|statement|connection 29|url jdbc:h2:mem:testdb|     drop table if exists post_like cascade |     drop table if exists post_like cascade 
1752157128455|0|statement|connection 29|url jdbc:h2:mem:testdb|     drop table if exists user_roles cascade |     drop table if exists user_roles cascade 
1752157128456|0|statement|connection 29|url jdbc:h2:mem:testdb|     drop table if exists users cascade |     drop table if exists users cascade 
1752157837962|0|statement|connection 29|url jdbc:h2:mem:testdb|     drop table if exists comment cascade |     drop table if exists comment cascade 
1752157837963|0|statement|connection 29|url jdbc:h2:mem:testdb|     drop table if exists file_attachment cascade |     drop table if exists file_attachment cascade 
1752157837963|0|statement|connection 29|url jdbc:h2:mem:testdb|     drop table if exists post cascade |     drop table if exists post cascade 
1752157837963|0|statement|connection 29|url jdbc:h2:mem:testdb|     drop table if exists post_like cascade |     drop table if exists post_like cascade 
1752157837963|0|statement|connection 29|url jdbc:h2:mem:testdb|     drop table if exists user_roles cascade |     drop table if exists user_roles cascade 
1752157837964|0|statement|connection 29|url jdbc:h2:mem:testdb|     drop table if exists users cascade |     drop table if exists users cascade 
1752565542047|0|statement|connection 29|url jdbc:h2:mem:testdb|     drop table if exists comment cascade |     drop table if exists comment cascade 
1752565542048|0|statement|connection 29|url jdbc:h2:mem:testdb|     drop table if exists file_attachment cascade |     drop table if exists file_attachment cascade 
1752565542048|0|statement|connection 29|url jdbc:h2:mem:testdb|     drop table if exists post cascade |     drop table if exists post cascade 
1752565542049|0|statement|connection 29|url jdbc:h2:mem:testdb|     drop table if exists post_like cascade |     drop table if exists post_like cascade 
1752565542049|0|statement|connection 29|url jdbc:h2:mem:testdb|     drop table if exists user_roles cascade |     drop table if exists user_roles cascade 
1752565542050|0|statement|connection 29|url jdbc:h2:mem:testdb|     drop table if exists users cascade |     drop table if exists users cascade 
1752565606929|0|statement|connection 29|url jdbc:h2:mem:testdb|     drop table if exists comment cascade |     drop table if exists comment cascade 
1752565606929|0|statement|connection 29|url jdbc:h2:mem:testdb|     drop table if exists file_attachment cascade |     drop table if exists file_attachment cascade 
1752565606930|0|statement|connection 29|url jdbc:h2:mem:testdb|     drop table if exists post cascade |     drop table if exists post cascade 
1752565606930|0|statement|connection 29|url jdbc:h2:mem:testdb|     drop table if exists post_like cascade |     drop table if exists post_like cascade 
1752565606930|0|statement|connection 29|url jdbc:h2:mem:testdb|     drop table if exists user_roles cascade |     drop table if exists user_roles cascade 
1752565606930|0|statement|connection 29|url jdbc:h2:mem:testdb|     drop table if exists users cascade |     drop table if exists users cascade 
1752565987966|0|statement|connection 29|url jdbc:h2:mem:testdb|     drop table if exists comment cascade |     drop table if exists comment cascade 
1752565987970|0|statement|connection 29|url jdbc:h2:mem:testdb|     drop table if exists file_attachment cascade |     drop table if exists file_attachment cascade 
1752565987970|0|statement|connection 29|url jdbc:h2:mem:testdb|     drop table if exists post cascade |     drop table if exists post cascade 
1752565987971|0|statement|connection 29|url jdbc:h2:mem:testdb|     drop table if exists post_like cascade |     drop table if exists post_like cascade 
1752565987971|0|statement|connection 29|url jdbc:h2:mem:testdb|     drop table if exists user_roles cascade |     drop table if exists user_roles cascade 
1752565987971|0|statement|connection 29|url jdbc:h2:mem:testdb|     drop table if exists users cascade |     drop table if exists users cascade 
1752566614244|0|statement|connection 29|url jdbc:h2:mem:testdb|     drop table if exists comment cascade |     drop table if exists comment cascade 
1752566614245|0|statement|connection 29|url jdbc:h2:mem:testdb|     drop table if exists file_attachment cascade |     drop table if exists file_attachment cascade 
1752566614245|0|statement|connection 29|url jdbc:h2:mem:testdb|     drop table if exists post cascade |     drop table if exists post cascade 
1752566614245|0|statement|connection 29|url jdbc:h2:mem:testdb|     drop table if exists post_like cascade |     drop table if exists post_like cascade 
1752566614246|0|statement|connection 29|url jdbc:h2:mem:testdb|     drop table if exists user_roles cascade |     drop table if exists user_roles cascade 
1752566614246|0|statement|connection 29|url jdbc:h2:mem:testdb|     drop table if exists users cascade |     drop table if exists users cascade 
1752567045486|0|statement|connection 21|url jdbc:h2:mem:testdb|     drop table if exists comment cascade |     drop table if exists comment cascade 
1752567045486|0|statement|connection 21|url jdbc:h2:mem:testdb|     drop table if exists file_attachment cascade |     drop table if exists file_attachment cascade 
1752567045486|0|statement|connection 21|url jdbc:h2:mem:testdb|     drop table if exists post cascade |     drop table if exists post cascade 
1752567045487|0|statement|connection 21|url jdbc:h2:mem:testdb|     drop table if exists post_like cascade |     drop table if exists post_like cascade 
1752567045487|0|statement|connection 21|url jdbc:h2:mem:testdb|     drop table if exists user_roles cascade |     drop table if exists user_roles cascade 
1752567045487|0|statement|connection 21|url jdbc:h2:mem:testdb|     drop table if exists users cascade |     drop table if exists users cascade 
1752567075455|0|statement|connection 28|url jdbc:h2:mem:testdb|     drop table if exists comment cascade |     drop table if exists comment cascade 
1752567075460|0|statement|connection 28|url jdbc:h2:mem:testdb|     drop table if exists file_attachment cascade |     drop table if exists file_attachment cascade 
1752567075460|0|statement|connection 28|url jdbc:h2:mem:testdb|     drop table if exists post cascade |     drop table if exists post cascade 
1752567075460|0|statement|connection 28|url jdbc:h2:mem:testdb|     drop table if exists post_like cascade |     drop table if exists post_like cascade 
1752567075460|0|statement|connection 28|url jdbc:h2:mem:testdb|     drop table if exists user_roles cascade |     drop table if exists user_roles cascade 
1752567075460|0|statement|connection 28|url jdbc:h2:mem:testdb|     drop table if exists users cascade |     drop table if exists users cascade 
1752567121272|0|statement|connection 28|url jdbc:h2:mem:testdb|     drop table if exists comment cascade |     drop table if exists comment cascade 
1752567121273|0|statement|connection 28|url jdbc:h2:mem:testdb|     drop table if exists file_attachment cascade |     drop table if exists file_attachment cascade 
1752567121273|0|statement|connection 28|url jdbc:h2:mem:testdb|     drop table if exists post cascade |     drop table if exists post cascade 
1752567121273|0|statement|connection 28|url jdbc:h2:mem:testdb|     drop table if exists post_like cascade |     drop table if exists post_like cascade 
1752567121273|0|statement|connection 28|url jdbc:h2:mem:testdb|     drop table if exists user_roles cascade |     drop table if exists user_roles cascade 
1752567121273|0|statement|connection 28|url jdbc:h2:mem:testdb|     drop table if exists users cascade |     drop table if exists users cascade 
1752567284114|0|statement|connection 28|url jdbc:h2:mem:testdb|     drop table if exists comment cascade |     drop table if exists comment cascade 
1752567284115|0|statement|connection 28|url jdbc:h2:mem:testdb|     drop table if exists file_attachment cascade |     drop table if exists file_attachment cascade 
1752567284115|0|statement|connection 28|url jdbc:h2:mem:testdb|     drop table if exists post cascade |     drop table if exists post cascade 
1752567284115|0|statement|connection 28|url jdbc:h2:mem:testdb|     drop table if exists post_like cascade |     drop table if exists post_like cascade 
1752567284115|0|statement|connection 28|url jdbc:h2:mem:testdb|     drop table if exists user_roles cascade |     drop table if exists user_roles cascade 
1752567284115|0|statement|connection 28|url jdbc:h2:mem:testdb|     drop table if exists users cascade |     drop table if exists users cascade 
1752567961667|0|statement|connection 28|url jdbc:h2:mem:testdb|     drop table if exists comment cascade |     drop table if exists comment cascade 
1752567961668|0|statement|connection 28|url jdbc:h2:mem:testdb|     drop table if exists file_attachment cascade |     drop table if exists file_attachment cascade 
1752567961668|0|statement|connection 28|url jdbc:h2:mem:testdb|     drop table if exists post cascade |     drop table if exists post cascade 
1752567961668|0|statement|connection 28|url jdbc:h2:mem:testdb|     drop table if exists post_like cascade |     drop table if exists post_like cascade 
1752567961668|0|statement|connection 28|url jdbc:h2:mem:testdb|     drop table if exists user_roles cascade |     drop table if exists user_roles cascade 
1752567961668|0|statement|connection 28|url jdbc:h2:mem:testdb|     drop table if exists users cascade |     drop table if exists users cascade 
1752569361008|0|statement|connection 28|url jdbc:h2:mem:testdb|     drop table if exists comment cascade |     drop table if exists comment cascade 
1752569361009|0|statement|connection 28|url jdbc:h2:mem:testdb|     drop table if exists file_attachment cascade |     drop table if exists file_attachment cascade 
1752569361009|0|statement|connection 28|url jdbc:h2:mem:testdb|     drop table if exists post cascade |     drop table if exists post cascade 
1752569361009|0|statement|connection 28|url jdbc:h2:mem:testdb|     drop table if exists post_like cascade |     drop table if exists post_like cascade 
1752569361009|0|statement|connection 28|url jdbc:h2:mem:testdb|     drop table if exists user_roles cascade |     drop table if exists user_roles cascade 
1752569361009|0|statement|connection 28|url jdbc:h2:mem:testdb|     drop table if exists users cascade |     drop table if exists users cascade 
1752569414001|0|statement|connection 28|url jdbc:h2:mem:testdb|     drop table if exists comment cascade |     drop table if exists comment cascade 
1752569414002|0|statement|connection 28|url jdbc:h2:mem:testdb|     drop table if exists file_attachment cascade |     drop table if exists file_attachment cascade 
1752569414002|0|statement|connection 28|url jdbc:h2:mem:testdb|     drop table if exists post cascade |     drop table if exists post cascade 
1752569414002|0|statement|connection 28|url jdbc:h2:mem:testdb|     drop table if exists post_like cascade |     drop table if exists post_like cascade 
1752569414002|0|statement|connection 28|url jdbc:h2:mem:testdb|     drop table if exists user_roles cascade |     drop table if exists user_roles cascade 
1752569414002|0|statement|connection 28|url jdbc:h2:mem:testdb|     drop table if exists users cascade |     drop table if exists users cascade 
1752569491258|0|statement|connection 28|url jdbc:h2:mem:testdb|     drop table if exists comment cascade |     drop table if exists comment cascade 
1752569491259|0|statement|connection 28|url jdbc:h2:mem:testdb|     drop table if exists file_attachment cascade |     drop table if exists file_attachment cascade 
1752569491259|0|statement|connection 28|url jdbc:h2:mem:testdb|     drop table if exists post cascade |     drop table if exists post cascade 
1752569491259|0|statement|connection 28|url jdbc:h2:mem:testdb|     drop table if exists post_like cascade |     drop table if exists post_like cascade 
1752569491259|0|statement|connection 28|url jdbc:h2:mem:testdb|     drop table if exists user_roles cascade |     drop table if exists user_roles cascade 
1752569491259|0|statement|connection 28|url jdbc:h2:mem:testdb|     drop table if exists users cascade |     drop table if exists users cascade 
1752569786704|0|statement|connection 28|url jdbc:h2:mem:testdb|     drop table if exists comment cascade |     drop table if exists comment cascade 
1752569786705|0|statement|connection 28|url jdbc:h2:mem:testdb|     drop table if exists file_attachment cascade |     drop table if exists file_attachment cascade 
1752569786705|0|statement|connection 28|url jdbc:h2:mem:testdb|     drop table if exists post cascade |     drop table if exists post cascade 
1752569786705|0|statement|connection 28|url jdbc:h2:mem:testdb|     drop table if exists post_like cascade |     drop table if exists post_like cascade 
1752569786705|0|statement|connection 28|url jdbc:h2:mem:testdb|     drop table if exists user_roles cascade |     drop table if exists user_roles cascade 
1752569786705|0|statement|connection 28|url jdbc:h2:mem:testdb|     drop table if exists users cascade |     drop table if exists users cascade 
1752570208443|0|statement|connection 28|url jdbc:h2:mem:testdb|     drop table if exists comment cascade |     drop table if exists comment cascade 
1752570208444|0|statement|connection 28|url jdbc:h2:mem:testdb|     drop table if exists file_attachment cascade |     drop table if exists file_attachment cascade 
1752570208444|0|statement|connection 28|url jdbc:h2:mem:testdb|     drop table if exists post cascade |     drop table if exists post cascade 
1752570208444|0|statement|connection 28|url jdbc:h2:mem:testdb|     drop table if exists post_like cascade |     drop table if exists post_like cascade 
1752570208444|0|statement|connection 28|url jdbc:h2:mem:testdb|     drop table if exists user_roles cascade |     drop table if exists user_roles cascade 
1752570208444|0|statement|connection 28|url jdbc:h2:mem:testdb|     drop table if exists users cascade |     drop table if exists users cascade 
1752664197116|0|statement|connection 28|url jdbc:h2:mem:testdb|     drop table if exists comment cascade |     drop table if exists comment cascade 
1752664197117|0|statement|connection 28|url jdbc:h2:mem:testdb|     drop table if exists file_attachment cascade |     drop table if exists file_attachment cascade 
1752664197117|0|statement|connection 28|url jdbc:h2:mem:testdb|     drop table if exists post cascade |     drop table if exists post cascade 
1752664197117|0|statement|connection 28|url jdbc:h2:mem:testdb|     drop table if exists post_like cascade |     drop table if exists post_like cascade 
1752664197117|0|statement|connection 28|url jdbc:h2:mem:testdb|     drop table if exists user_roles cascade |     drop table if exists user_roles cascade 
1752664197117|0|statement|connection 28|url jdbc:h2:mem:testdb|     drop table if exists users cascade |     drop table if exists users cascade 
1752665552017|0|statement|connection 28|url jdbc:h2:mem:testdb|     drop table if exists comment cascade |     drop table if exists comment cascade 
1752665552018|0|statement|connection 28|url jdbc:h2:mem:testdb|     drop table if exists file_attachment cascade |     drop table if exists file_attachment cascade 
1752665552018|0|statement|connection 28|url jdbc:h2:mem:testdb|     drop table if exists post cascade |     drop table if exists post cascade 
1752665552018|0|statement|connection 28|url jdbc:h2:mem:testdb|     drop table if exists post_like cascade |     drop table if exists post_like cascade 
1752665552018|0|statement|connection 28|url jdbc:h2:mem:testdb|     drop table if exists user_roles cascade |     drop table if exists user_roles cascade 
1752665552018|0|statement|connection 28|url jdbc:h2:mem:testdb|     drop table if exists users cascade |     drop table if exists users cascade 
1752665604473|0|statement|connection 28|url jdbc:h2:mem:testdb|     drop table if exists comment cascade |     drop table if exists comment cascade 
1752665604474|0|statement|connection 28|url jdbc:h2:mem:testdb|     drop table if exists file_attachment cascade |     drop table if exists file_attachment cascade 
1752665604474|0|statement|connection 28|url jdbc:h2:mem:testdb|     drop table if exists post cascade |     drop table if exists post cascade 
1752665604474|0|statement|connection 28|url jdbc:h2:mem:testdb|     drop table if exists post_like cascade |     drop table if exists post_like cascade 
1752665604474|0|statement|connection 28|url jdbc:h2:mem:testdb|     drop table if exists user_roles cascade |     drop table if exists user_roles cascade 
1752665604474|0|statement|connection 28|url jdbc:h2:mem:testdb|     drop table if exists users cascade |     drop table if exists users cascade 
1752666381880|0|statement|connection 28|url jdbc:h2:mem:testdb|     drop table if exists comment cascade |     drop table if exists comment cascade 
1752666381880|0|statement|connection 28|url jdbc:h2:mem:testdb|     drop table if exists file_attachment cascade |     drop table if exists file_attachment cascade 
1752666381880|0|statement|connection 28|url jdbc:h2:mem:testdb|     drop table if exists post cascade |     drop table if exists post cascade 
1752666381881|0|statement|connection 28|url jdbc:h2:mem:testdb|     drop table if exists post_like cascade |     drop table if exists post_like cascade 
1752666381881|0|statement|connection 28|url jdbc:h2:mem:testdb|     drop table if exists user_roles cascade |     drop table if exists user_roles cascade 
1752666381881|0|statement|connection 28|url jdbc:h2:mem:testdb|     drop table if exists users cascade |     drop table if exists users cascade 
1752666496247|0|statement|connection 28|url jdbc:h2:mem:testdb|     drop table if exists comment cascade |     drop table if exists comment cascade 
1752666496248|0|statement|connection 28|url jdbc:h2:mem:testdb|     drop table if exists file_attachment cascade |     drop table if exists file_attachment cascade 
1752666496248|0|statement|connection 28|url jdbc:h2:mem:testdb|     drop table if exists post cascade |     drop table if exists post cascade 
1752666496248|0|statement|connection 28|url jdbc:h2:mem:testdb|     drop table if exists post_like cascade |     drop table if exists post_like cascade 
1752666496248|0|statement|connection 28|url jdbc:h2:mem:testdb|     drop table if exists user_roles cascade |     drop table if exists user_roles cascade 
1752666496248|0|statement|connection 28|url jdbc:h2:mem:testdb|     drop table if exists users cascade |     drop table if exists users cascade 
